1
 
 
 
 
                                                             
                        Copyright 2020 Siemens               
                         All Rights Reserved.                
                                                             
               This software and related documentation are   
                    proprietary to Siemens Industry          
                             Software Inc.                   
                                                             
              Siemens and the Siemens logo are registered    
           trademarks of Siemens AG. Simcenter is a trademark
              or registered trademark of Siemens Product     
               Lifecycle Management Software Inc. or its     
             subsidiaries in the United States and in other  
             countries.  NASTRAN is a registered trademark   
                 of the National Aeronautics and Space       
                 Administration.  All other trademarks,      
              registered trademarks or service marks belong  
                      to their respective holders.           
                                                             
           LIMITATIONS TO U.S. GOVERNMENT RIGHTS. UNPUBLISHED
           - RIGHTS RESERVED UNDER THE COPYRIGHT LAWS OF THE 
            UNITED STATES. This computer software and related
               computer software documentation have been     
            developed exclusively at private expense and are 
           provided subject to the following rights:  If this
               computer software and computer  software      
            documentation qualify as "commercial items" (as  
             that term is defined in FAR 2.101), their use,  
            duplication or disclosure by the U.S. Government 
           is subject to the protections and restrictions as 
            set forth in the Siemens commercial license for  
            software and/or documentation, as prescribed in  
           FAR 12.212 and FAR 27.405(b)(2)(i) (for civilian  
             agencies) and in DFARS 227.7202-1(a) and DFARS  
           227.7202-3(a) (for the Department of Defense), or 
           any successor or similar regulation, as applicable
           or as amended from time to time.  If this computer
           software and computer documentation do not qualify
            as "commercial items", then they are "restricted 
           computer software" and are provided with "restric-
            tive rights", and their use, duplication or dis- 
            closure by the U.S. Government is subject to the 
            protections and restrictions as set forth in FAR 
           27.404(b) and FAR 52-227-14 (for civilian agencies
           ), and DFARS 227.7203-5(c) and DFARS 252.227-7014 
           (for the Department of Defense), or any successor 
           or similar regulation, as applicable or as amended
           from time to time. Siemens Industry Software Inc. 
           5800 Granite Parkway, Suite 600, Plano, TX 75024  
 

                * * * * * * * * * * * * * * * * * * * *
                * * * * * * * * * * * * * * * * * * * *
                * *                                 * *
                * *                                 * *
                * *                                 * *
                * *                                 * *
                * *     Simcenter Nastran 2021.1    * *
                * *                                 * *
                * *       VERSION - 1965.0032       * *
                * *                                 * *
                * *          FEB 11, 2021           * *
                * *                                 * *
                * *                                 * *
                * *AMD64 Family 23 Model 96 Steppin * *
                * *                                 * *
                * *MODEL AMD Ryzen 5 4600H with Rad * *
                * *                                 * *
                * *           Windows 10            * *
                * *                                 * *
                * *       Compiled for X86-64       * *
                * *                                 * *
                * * * * * * * * * * * * * * * * * * * *
                * * * * * * * * * * * * * * * * * * * *
1 
  
                      Welcome to Simcenter Nastran
                      ----------------------------
  
  
 This "news" information can be turned off by setting "news=no" in the runtime
 configuration (RC) file.  The "news" keyword can be set in the system RC file
 for global, or multi-user control, and in a local file for local control.
 Individual jobs can be controlled by setting news to yes or no on the command
 line.
1                                                                             APRIL  16, 2026  SIMCENTER NASTRAN  2/11/21   PAGE     1
                                                                                                                                    
0        N A S T R A N    F I L E    A N D    S Y S T E M    P A R A M E T E R    E C H O                                           
0                                                                                                                                   
                                                                                                                                    
                                                                                                                                    
     NASTRAN BUFFSIZE=32769 $(D:/PROGRAM FILES/SIEMENS/NASTRAN/CONF/NASTRAN.RCF[4])  
     NASTRAN BUFFPOOL=8612                                                           
     NASTRAN DIAGA=128 DIAGB=0 $(D:/PROGRAM FILES/SIEMENS/NASTRAN/CONF/NASTRAN.RCF[11
     NASTRAN REAL=3135373312 $(MEMORY LIMIT FOR MPI AND OTHER SPECIALIZED MODULES)   
     INIT MASTER(S)                                                                  
     NASTRAN SYSTEM(442)=-1,SYSTEM(319)=1                                            
1                                                                             APRIL  16, 2026  SIMCENTER NASTRAN  2/11/21   PAGE     2
                                                                                                                                    
0        N A S T R A N    E X E C U T I V E    C O N T R O L    E C H O                                                             
0                                                                                                                                   
                                                                                                                                    
                                                                                                                                    
     ID CONE,FEMAP                                                                           
     SOL SESTATIC                                                                            
     CEND                                                                                    
1    1                                                                        APRIL  16, 2026  SIMCENTER NASTRAN  2/11/21   PAGE     3
                                                                                                                                    
0                                                                                                                                   
0                                        C A S E    C O N T R O L    E C H O                                                        
                 COMMAND                                                                                                            
                 COUNT                                                                                                              
                  1        TITLE = 1                                                                             
                  2        ECHO = NONE                                                                           
                  3        DISPLACEMENT(PLOT) = ALL                                                              
                  4        SPCFORCE(PLOT) = ALL                                                                  
                  5        OLOAD(PLOT) = ALL                                                                     
                  6        FORCE(PLOT,CORNER) = ALL                                                              
                  7        STRESS(PLOT,CORNER) = ALL                                                             
                  8        SPC = 1                                                                               
                  9        LOAD = 1                                                                              
                 10      BEGIN BULK                                                                              
0                             INPUT BULK DATA ENTRY COUNT =        1554
0                       TOTAL COUNT=      1537
 *** USER FATAL MESSAGE 316 (IFPDRV)
     ILLEGAL DATA ON BULK DATA ENTRY RBE2    
     User information:
     See Bulk Data entry description in Section 5 of the NASTRAN
     Quick Reference Guide. If you are using the large field format make
     sure the number of entries is even.
 RBE2         721     342              41      42      43      44      45+000006T
 +000006T      46      47      48      49      50      51      52      53+000006U
 *** USER FATAL MESSAGE 316 (IFPDRV)
     ILLEGAL DATA ON BULK DATA ENTRY RBE2    
     User information:
     See Bulk Data entry description in Section 5 of the NASTRAN
     Quick Reference Guide. If you are using the large field format make
     sure the number of entries is even.
 RBE2         722     343               1       2       3       4       5+0000071
 +0000071       6       7       8       9      10      11      12      13+0000072


                                        M O D E L   S U M M A R Y

                                   NUMBER OF GRID     POINTS   =      662
 
 
                                   NUMBER OF CBEAM    ELEMENTS =      120
                                   NUMBER OF CQUAD4   ELEMENTS =      600
 
                                   NUMBER OF RBE2     ELEMENTS =        2
 ^^^ USER   FATAL   MESSAGE 9002 (IFPS)  
 ^^^ ERROR(S) ENCOUNTERED IN THE    MAIN BULK DATA SECTION   
 ^^^ SEE MESSAGES ABOVE. ERROR ENCOUNTERED IN MODULE    IFP,                                     
1    1                                                                        APRIL  16, 2026  SIMCENTER NASTRAN  2/11/21   PAGE     4
                                                                                                                                    
0                                                                                                                                   
0                                                                                                                                   
                                                                                                                                    
                                                                                                                                    
 *** USER INFORMATION MESSAGE 4425 (PRTPRN)
     ONE OR MORE FATAL ERRORS HAVE OCCURRED.  THERE MAY BE MORE ERROR MESSAGES IN THE PRECEDING OUTPUT
     User information:
     One or more modules has found a fatal error condition.  A message is
     printed for each fatal error condition.  They have set a flag, which
     causes this message to be printed at the end of the run.  Error messages
     may occur anywhere in the output, so you should search your output for
     these errors (search for FATAL).
     This message is most likely when PARAM,ERROR,0 is used.  However,
     this error will be issued in superelement analysis if User Warning
     Message 4698 is also issued.
     In cyclic symmetry analysis, if no eigenvalues are found in the
     prescribed frequency range on the EIGR or EIGRL entry for the current
     harmonic, the run will not continue to the next harmonic and the message
     will result.  Instead of selecting a frequency range, input the desired
     number of modes.
1    1                                                                        APRIL  16, 2026  SIMCENTER NASTRAN  2/11/21   PAGE     5
                                                                                                                                    
0                                                                                                                                   
 * * * *  D B D I C T   P R I N T  * * * *      SUBDMAP = PRTSUM  ,  DMAP STATEMENT NO.     28



0                                   * * * *  A N A L Y S I S  S U M M A R Y  T A B L E  * * * *
0 SEID  PEID PROJ VERS APRCH      SEMG SEMR SEKR SELG SELR MODES DYNRED SOLLIN PVALID SOLNL LOOPID DESIGN CYCLE SENSITIVITY
 --------------------------------------------------------------------------------------------------------------------------
0SEID = SUPERELEMENT ID.
 PEID = PRIMARY SUPERELEMENT ID OF IMAGE SUPERELEMENT.
 PROJ = PROJECT ID NUMBER.
 VERS = VERSION ID.
 APRCH = BLANK FOR STRUCTURAL ANALYSIS.  HEAT FOR HEAT TRANSFER ANALYSIS.
 SEMG = STIFFNESS AND MASS MATRIX GENERATION STEP.
 SEMR = MASS MATRIX REDUCTION STEP (INCLUDES EIGENVALUE SOLUTION FOR MODES).
 SEKR = STIFFNESS MATRIX REDUCTION STEP.
 SELG = LOAD MATRIX GENERATION STEP.
 SELR = LOAD MATRIX REDUCTION STEP. 
 MODES = T (TRUE) IF NORMAL MODES OR BUCKLING MODES CALCULATED.
 DYNRED = T (TRUE) MEANS GENERALIZED DYNAMIC AND/OR COMPONENT MODE REDUCTION PERFORMED.
 SOLLIN = T (TRUE) IF LINEAR SOLUTION EXISTS IN DATABASE.
 PVALID = P-DISTRIBUTION ID OF P-VALUE FOR P-ELEMENTS
 LOOPID = THE LAST LOOPID VALUE USED IN THE NONLINEAR ANALYSIS.  USEFUL FOR RESTARTS.
 SOLNL = T (TRUE) IF NONLINEAR SOLUTION EXISTS IN DATABASE.
 DESIGN CYCLE = THE LAST DESIGN CYCLE (ONLY VALID IN OPTIMIZATION).
 SENSITIVITY = SENSITIVITY MATRIX GENERATION FLAG.
1                                        * * * END OF JOB * * *
 
 
